
МД, [17.05.2026 17:05]
https://www.ozon.ru/product/vysokaya-moshchnost-12-v-24-v-vodonepronitsaemyy-rc-shchetochnyy-regulyator-skorosti-dlya-rc-1818532697/?at=46tRnZKEMuZMnjWWszy21K2CnBW0V2t6wyzljujDRyEK

МД, [17.05.2026 17:05]
/ask https://youtube.com/shorts/fjaRKd52_vc?si=okCg3OJE2O4m6z-o разбери видос

МД, [17.05.2026 17:05]
Разбор видео: «Почему АЦП видит сигнал, которого нет? Алиасинг простыми словами»

Автор: ALCHY
Ссылка: YouTube Shorts

О чём видео

Коротко и наглядно объясняется явление алиасинга (aliasing) — эффекта дискретизации, при котором высокочастотный сигнал на входе АЦП превращается в ложный низкочастотный сигнал в цифровых данных.

Ключевые моменты

1. Суть проблемы: Если на вход АЦП попадает высокочастотная помеха (например, пульсации импульсного блока питания), а частота дискретизации太低, то в данных микроконтроллера появляется «фантомный» сигнал — плавная волна, которой в реальности нет. Ошибка выглядит правдоподобно, а не как мусор.

2. Пример из видео: Синусоида 101 Гц оцифровывается с частотой 100 Гц. Каждая выборка попадает почти в ту же фазу с маленьким сдвигом — в результате 101 Гц превращается в фантомный 1 Гц. Алиас-частота = разность между входной частотой и ближайшей кратной частотой дискретизации.

3. Практическая опасность: Инженер видит на графике плавное изменение показаний датчика температуры и думает, что температура плавает. На самом деле плавает не температура — это помеха от работающего рядом импульсного БП, «свернувшаяся» в низкую частоту из-за редкой дискретизации.

4. Условие Найквиста: Всё, что находится выше половины частоты дискретизации (частота Найквиста), должно быть подавлено до входа АЦП. После выборки — поздно, ложный сигнал уже в данных.

5. Решение: Перед АЦП ставят антиалиасинговый фильтр (anti-aliasing filter). Даже простой RC-фильтр с правильно выбранной частотой среза может помочь.

Связь с проектами в wiki

В проекте BiBa (робоплатформа) используется АЦП для измерения напряжения батареи (VBAT) и токов моторов — на плате RPICO_RP2040 задействованы пины GP26-GP28 для АЦП (BiBa). При разработке таких систем важно учитывать антиалиасинговую фильтрацию, чтобы помехи от моторов (которые работают на высоких частотах ШИМ) не создавали ложных показаний тока/напряжения.

Итог

Отличное наглядное объяснение алиасинга — явления, которое обязательно нужно учитывать при проектировании любых измерительных цепей с АЦП. Главный урок: фильтр должен стоять до АЦП, а не после, иначе фантомный сигнал уже не убрать.

МД, [17.05.2026 17:05]
@КЕК что скажешь?

МД, [17.05.2026 17:05]
Либо надо свои на Н мосте собирать с теми ебучими транзисторами которые по 300А держат

МД, [17.05.2026 17:05]
Это как с разогнаным процессором. Лотерея

МД, [17.05.2026 17:05]
BTN7970: Характеристики и более мощные аналоги
📋 Основные параметры BTN7970
BTN7970 — это интегральный полумостовой драйвер двигателя высокой мощности от Infineon (серия NovalithIC™)
www.mouser.com
:
Параметр
Значение
Напряжение питания
8–18 В (номинал), до 45 В (макс.)
Постоянный ток
44 А (при температуре корпуса <85 °C)
www.mouser.com
Пиковый ток
до 70 А (тип.)
Сопротивление канала
тип. 16 мОм @ 25 °C
Частота ШИМ
до 25 кГц
Корпус
TO-263-7 (SMD) или TO-220-7
✅ Встроенная защита: перегрев, перенапряжение, недонапряжение, перегрузка по току, КЗ
✅ Диагностика через флаг статуса с функцией измерения тока
✅ Логические входы, совместимые с МК
🚀 Более мощные аналоги в семействе Infineon
1️⃣ BTN7971B — прямой апгрейд
Пиковый ток: ≥50 А (улучшенный)
半导体和系统解决方案-infineon
Рабочее напряжение: от 4.5 В (расширенный диапазон)
Совместимость: пин-ту-пин с BTN7970
Корпус: PG-TO263-7-6
Подходит для тех же применений, но с запасом по току
2️⃣ BTN7970B (версия 70 А)
Некоторые модификации указывают выходной ток до 70 А
www.digikey.com
淘宝
Убедитесь, что выбираете именно версию «70A», а не стандартную 44 А
3️⃣ BTN9960 / BTN9970 / BTN9990 — для 3-фазных бесщёточных двигателей
Предназначены для управления BLDC-моторами через FOC
Интегрируют 3 полумоста в одном решении
Подходят, если вы переходите с коллекторных на бесщёточные двигатели
电子发烧友网
4️⃣ BTS7960 / BTS7970 — альтернативная серия
Часто встречаются в модулях «43 А драйвер»
www.ozon.ru
BTS7960: до 43 А постоянно, до 250 А пик
淘宝
Обратите внимание: BTS и BTN — разные линейки, проверяйте совместимость по корпусу и управлению
⚠️ Важные замечания при замене
Теплоотвод: при токах >40 А обязателен радиатор или активное охлаждение
淘宝
Питание: убедитесь, что источник может обеспечить пиковые токи без просадки
Защита: даже с встроенной защитой рекомендуется внешняя предохранительная цепь
Пин-совместимость: BTN7971B совместим с BTN7970, но другие аналоги могут требовать изменения разводки
www.ovaga.com
💡 Рекомендация
Если вам нужна максимальная совместимость и небольшой прирост мощности — выбирайте BTN7971B
bj.bcebos.com
.
Если требуется значительно больший ток (60–70 А) — рассмотрите BTN7970B в версии 70A или сборку из двух BTN7971B в полном мосту.
Для высокопроизводительных систем с бесщёточными моторами — переходите на серию BTN99xx.
🔗 Официальные даташиты: Infineon BTN7970 | BTN7971B Product Brief
Нужна помощь с подбором под конкретное напряжение/ток/тип мотора? Уточните параметры — помогу сузить выбор! 🛠

МД, [17.05.2026 17:05]
https://youtu.be/H2YJRaaXFIM?si=3BrnOffBsf7cRqOE

МД, [17.05.2026 17:05]
https://forum.arduino.ru/t/pomoshh-novichku-gazonokosilka-na-radioupravlenii/11408

МД, [17.05.2026 17:05]
/ask https://forum.arduino.ru/t/pomoshh-novichku-gazonokosilka-na-radioupravlenii/11408 проанализируй тред форума возьми ключевые мысли

МД, [17.05.2026 17:05]
Теперь у меня есть полная картина треда. Давайте соберу ключевые мысли.

Вот анализ треда «Помощь новичку — газонокосилка на радиоуправлении» на форуме Arduino.ru.

Ключевые мысли

1. Исходная задумка автора (hunter9)
Автор хочет построить радиоуправляемую газонокосилку с гибридной силовой установкой: бензиновый двигатель (6–7 л.с.) вращает ножи и приводит генератор ВАЗ для зарядки аккумулятора, а два электродвигателя постоянного тока (250 Вт, 28 А, 12 В) через колёса, жёстко связанные цепью «по гусеничному принципу», обеспечивают движение. Управление — с радиопульта. Участок — 30–60 соток, частично заросший.

2. Главная проблема — отсутствие базовых инженерных знаний
Уже в первом сообщении автор признаётся, что не знает программирования и не может оценить работоспособность схемы на Arduino UNO + 2×BTS7960. Вместо принципиальной схемы он прикладывает «картинку из Мурзилки» (сообщение #2, #6). Участники форума в один голос отмечают, что без понимания электротехники и программирования проект нереализуем.

3. Критика «танковой» схемы поворота
Автор планирует жёсткую цепную связь колёс попарно и поворот за счёт вращения бортов в разные стороны. Участник ЕвгенийП (#6, #40) предупреждает на собственном опыте: «При поворотах идёт проскальзывание, колёса сильно трутся об землю — всю траву вытрут, двигатели перегружаются». Он отмечает, что защита драйверов по току срабатывала на поворотах.

4. Скептицизм по срокам и реалистичности
ЕвгенийП (#6): «Пока не появятся [схема и код], Вам не сделать этого проекта. За него стоит браться только если Вы готовы потратить на это года два, никак не меньше». Через год, в сообщении #102, автор возвращается с отчётом, что «проект потихоньку реализуется» — куплен контроллер DDC-30 и двигатели MY1016Z. ЕвгенийП (#107) иронизирует: «В точном соответствии с прогнозами экспертов».

5. Эволюция от «дёшево на Arduino» к дорогому контроллеру
Изначально автор хотел сэкономить на Arduino + BTS7960. В итоге (#102) купил готовый контроллер SmartDriveDuo-30 (DDC-30) за немалые деньги. MMM (#108): «Ключевая идея начального проекта была "Сделать дешево на ардуине". По факту автор купил дорогой контроллер и все равно будет возиться ещё пару лет».

6. Вопросы по защите цепей (предохранители)
На странице 5–6 автор спрашивает, какие предохранители и куда ставить. Участники указывают на отсутствие принципиальной схемы (#118, #128), без которой давать советы бессмысленно. rkit (#125) замечает, что на радиоуправляемых моделях предохранители на моторах не ставят, а SAB (#130) уточняет, что защита моторов обычно термальная.

7. Обсуждение целесообразности для больших участков
Estorsky (#49, #53) резонно замечает: при ширине скашивания ~70 см и скорости ~60 м/мин кошение 60 соток займёт ~5 часов непрерывного управления с пульта. Для таких площадей логичнее купить готовый райдер с декой от метра. ksv1547 (#72) добавляет, что его мама за 60 лет справляется с 30 сотками за 2 дня по 3 часа обычной косилкой — и это ещё и полезная физнагрузка.

8. Общий вердикт форума
Проект признаётся технически сложным, дорогим и неоправданным для заявленных целей. Автору советуют либо купить готовый райдер, либо нанять специалиста. Однако сам hunter9, судя по сообщению #102 через год, настроен упорно и продолжает сборку.

Источники: все сообщения из треда на forum.arduino.ru (страницы 1–6).

МД, [17.05.2026 17:05]
Интересно вывод про работу в связке bts7960 и MY1016Z, это у конибудь вообще работает?

МД, [17.05.2026 17:05]
BTS7960 + MY1016Z2 — работает ли эта связка?

Короткий ответ: да, в теории работает, но на практике есть серьёзные ограничения и риски. В вики-базе нет прямых сообщений о тестировании именно этой связки, но есть достаточно косвенных данных, чтобы сделать вывод.

Что такое BTS7960

BTS7960 — это H-мост драйвер на два полумоста BTS7960B, рассчитанный на максимальный ток 43 А и напряжение 6–27 В (BTS7960-Motor-Driver-Shops; → tg). Заявленная мощность — до 3100 Вт (пиковая), но реальная продолжительная мощность сильно ниже из-за нагрева.

Что такое MY1016Z2

MY1016Z2 — коллекторный (щеточный) редукторный двигатель 24 В, 250–350 Вт, с редуктором 9,6:1 (MY1016Z2; → tg). Ток потребления: при 250 Вт / 24 В = ~10,4 А номинальный, при 350 Вт / 24 В = ~14,6 А номинальный. Пусковые токи могут быть в 3–5 раз выше — до 40–70 А на короткое время.

Почему это важно — опыт BiBa

Проект BiBa активно использует два драйвера BTS7960 (левый/правый каналы) на платформе Raspberry Pi Zero 2W (BiBa). И вот что с ними происходило:

1. 2026-03-30 — «Пробит (сгорел) драйвер BTS7960 на BiBa: мотор перестал вращаться, при остановке одного колеса второе реагирует. TD: «BTS пробило просто». Нужна замена регулятора» (→ tg, → tg).

2. 2026-05-09 — Полевые испытания BiBa: «перегрев регуляторов (ESC/драйверов моторов) после ~20-30 минут езды — начало подтормаживать, перезагрузка помогала временно, пластик даёт запах. Вердикт: при сильном перегреве регуляторов происходит отвал одного колеса» (→ tg, → tg, → tg, → tg.

3. Решение, предложенное в чате: «посадить регуляторы на металл для отвода тепла, с гидроизоляцией. Электронику крепить к одной из стенок корпуса, сверху — защитный кожух» (→ tg, → tg).

Вывод по совместимости

Параметр | BTS7960 | MY1016Z2 (250 Вт) | MY1016Z2 (350 Вт)

• Номинальное напряжение
    BTS7960: 6–27 В
    MY1016Z2 (250 Вт): 24 В ✅
    MY1016Z2 (350 Вт): 24 В ✅

• Номинальный ток
    BTS7960: до 43 А макс
    MY1016Z2 (250 Вт): ~10,4 А ✅
    MY1016Z2 (350 Вт): ~14,6 А ✅

• Пусковой ток (3–5×)
    BTS7960: до 43 А макс
    MY1016Z2 (250 Вт): ~30–50 А ⚠️
    MY1016Z2 (350 Вт): ~45–70 А ❌

• Теплоотвод
    BTS7960: Нужен радиатор
    MY1016Z2 (250 Вт): Критически важен
    MY1016Z2 (350 Вт): Обязателен

Номинально BTS7960 тянет MY1016Z2 на 250 Вт — запас по току есть. Но пусковые токи (особенно под нагрузкой, на газонокосилке с травой) могут превысить 43 А, и драйвер уйдёт в защиту или сгорит — как это уже было на BiBa (→ tg).

Для MY1016Z2 на 350 Вт пусковые токи (~45–70 А) гарантированно превышают максимум BTS7960 — этот драйвер не подходит.

Альтернативы, которые обсуждались в чате

После пробоя BTS7960 на BiBa TD предложил альтернативу: двусторонний щёточный ESC 200A 2000W 3S-6S (→ tg). А МД прислал ссылку на Hobbywing Quicrun WP-1060 60A как запасной вариант для коллекторных моторов (→ tg).

Итог

Связка BTS7960 + MY1016Z2 (250 Вт) работает, но с оговорками:
• Нужен обязательный теплоотвод (радиатор, металлическая пластина) — иначе перегрев и отвал колеса через 20–30 мин
• Высок риск пробоя драйвера на пусковых токах (особенно под нагрузкой)
• Для MY1016Z2 (350 Вт) BTS7960 не подходит — пусковые токи выше максимума

МД, [17.05.2026 17:05]
• Лучше рассмотреть специализированный щёточный ESC (Hobbywing 1060 60A или 200A ESC) — они надёжнее для таких моторов

Источники:
• MY1016Z2 — характеристики мотора
• BiBa — опыт эксплуатации BTS7960 на роботе
• BTS7960-Motor-Driver-Shops — ссылки на драйвер
• → tg — пробой BTS7960 на BiBa
• → tg — перегрев регуляторов
• → tg — альтернатива: ESC 200A
• → tg — альтернатива: Hobbywing 1060 60A

МД, [17.05.2026 17:05]
Вот ещё нашел тред на форуме 
https://forum.arduino.cc/t/suitable-motor-driver-for-wheelchair-using-a-24v-dc-motor-rated-current-14-a-controlled-in-arduino-uno/1073923/24

МД, [17.05.2026 17:05]
Разбор треда Arduino Forum: «Suitable motor driver for wheelchair using a 24V DC Motor Rated Current: 14 A»

Тред на форуме Arduino (январь 2023) — пользователь rjherrera делает автоматизированную инвалидную коляску на Arduino Uno с двумя коллекторными моторами 24V 14A (номинал). Проблема: после нескольких дней тестов оба драйвера BTS7960 перестали работать.

Ключевые выводы из треда

1. Пусковой ток — главная проблема. Участник Paul_KD7HB указал, что пусковой/стопорный ток щёточных моторов в 5–10 раз выше номинального, и драйвер нужно выбирать с запасом «well over 100 Amperes» (пост #8, пост #10). BTS7960 заявлен на 43A продолжительного — при пусковых бросках >100A он гарантированно выходит из строя.

2. Ошибка в схеме подключения. Участник DrDiettrich обнаружил, что в коде используется один PWM-пин (pin 11) для обоих моторов одновременно — это не позволяет управлять моторами независимо (пост #15, #17). Кроме того, PWM-пин Arduino не был подключён к PWM-пинам драйвера.

3. Отсутствие соединения GND. Участник gilshultz указал на критическую ошибку: «The motor ground is not connected to the logic ground» — в модуле BTS7960 эти земли соединены внутри, и при отсутствии внешнего соединения GND может «всплыть», что разрушает микросхему (пост #20). Это, вероятно, и стало причиной выхода обоих драйверов из строя.

4. Программная проблема — резкие реверсы. Техник в магазине, где покупали BTS7960, предположил, что резкие смены направления (forward→reverse без deceleration) создают броски тока, убивающие драйвер. Пользователь подтвердил, что в коде нет soft start/stop (пост #24).

Что это значит для вашего проекта

Ситуация очень похожа на вашу: те же моторы MY1016Z2 (24V, 250–350W, коллекторные), те же BTS7960, те же проблемы. Из треда и нашей wiki:

Основные причины выхода BTS7960 из строя:
1. Пусковые токи >100A — BTS7960 на 43A не держит (пост #10)
2. Отсутствие общего GND между силовой и логической частью — гарантированный пробой микросхемы (пост #20)
3. Резкие реверсы без deceleration — дополнительный удар по H-мосту (пост #24)
4. Перегрев — BTS7960 имеет тепловую защиту, но при частых срабатываниях degradation неизбежен (пост #9)

Рекомендации из треда и wiki:

МД, [17.05.2026 17:05]
• Специализированный щёточный ESC — Hobbywing Quicrun WP-1060 60A (2026-05-08 #msg-3883, → tg) — рассчитан на коллекторные моторы, имеет встроенный BEC, защиту от перегрева и перегрузки. Это основная рекомендация.
• Если остаётесь на BTS7960 — обязательно соедините GND силовой и логической части, добавьте soft start/stop в код (плавное нарастание PWM), поставьте конденсаторы и диоды на каждый мотор для гашения обратной ЭДС (Денчик #2026-05-08, → tg).
• Альтернатива для больших токов — промышленный ESC 200A (упоминался в предыдущем ответе, → tg).

Источники

• Arduino Forum, пост #8 — пусковой ток: https://forum.arduino.cc/t/1073923/8
• Arduino Forum, пост #10 — нужен драйвер >100A: https://forum.arduino.cc/t/1073923/10
• Arduino Forum, пост #15 — один PWM на оба мотора: https://forum.arduino.cc/t/1073923/15
• Arduino Forum, пост #20 — отсутствие общего GND: https://forum.arduino.cc/t/1073923/20
• Arduino Forum, пост #24 — soft start/stop: https://forum.arduino.cc/t/1073923/24
• Hobbywing Quicrun WP-1060 60A — → tg
• MY1016Z2 — характеристики: MY1016Z2
• BiBa — опыт эксплуатации BTS7960: BiBa
• BTS7960-Motor-Driver-Shops — ссылки на магазины: BTS7960-Motor-Driver-Shops

МД, [17.05.2026 17:05]
Вот ещё видосы давай проанализируем https://youtu.be/4y_UP98YT6g?si=uYCXCm0llsPJWKfx https://youtu.be/_zBsuyZwYzo?si=5V1YkrYuP66bFb5n
https://youtu.be/TUIfLCuBDtU?si=s-VQs0FbXaASNmdW
https://youtu.be/7JhbxTohKf8?si=2Zb-nbjoRyMNooud

МД, [17.05.2026 17:05]
Вот анализ всех четырёх видео по BTS7960, которые вы прислали:

1. 🎬 Moter Gear+BTS7960 ตอน#3 — ช่างนันท์ ทำไปเรื่อย (тайский)
Ссылка: https://youtu.be/4y_UP98YT6g

Суть: Тест BTS7960 с мотор-редуктором 24V DC. Автор запустил систему на 2 часа без нагрузки — драйвер работал стабильно, но батарея (12V) села. Планирует установить на полноценную платформу с нагрузкой, чтобы проверить нагрев. Вентилятор охлаждения припаял, но пока не использовал.

Вывод: BTS7960 справляется с мотор-редуктором 24V на холостом ходу в течение 2+ часов. Реальный тест под нагрузкой — в следующем видео.

2. 🎬 Huge Current MOTOR DRIVER BTS7960 — Saravanan AL (хинди/английский)
Ссылка: https://youtu.be/_zBsuyZwYzo

Суть: Обзор и демонстрация BTS7960. Показана распиновка: VCC, GND, R_EN, L_EN, RPWM, LPWM. Подключение к Arduino Nano: управление через PWM для скорости и направления. Продемонстрирована работа мотора в обе стороны (CW/CCW) с плавным изменением скорости. Упомянуто, что драйвер может работать с высокими токами (до 43A пик).

Вывод: Типовой туториал по подключению BTS7960 к Arduino. Ничего нового — стандартная схема, которую мы уже обсуждали.

3. 🎬 How to make ESC without programming using BTS7960 — VEER science PROJECT (хинди)
Ссылка: https://youtu.be/TUIfLCuBDtU

Суть: Автор сделал ESC без программирования на BTS7960 + стабилизатор 7805 (5V для логики). Заявлено:
• Работает от 6V до 27V
• До 43А нагрузка (по даташиту)
• Подключается напрямую к приёмнику (RC-ресиверу) — не нужен Arduino/микроконтроллер
• Продемонстрирована работа с мощными нагрузками: мотор от электровелосипеда, радиаторный вентилятор Safari (до 78А!), сдвоенный мотор 775 от дрели

Ключевая особенность: BTS7960 используется как аппаратный ESC — сигнал с RC-приёмника идёт напрямую на PWM-входы драйвера, без микроконтроллера. Питание логики — через 7805 от силовой батареи.

Вывод: Это самое полезное видео из четырёх для вашего сценария. Показывает, что BTS7960 может работать как простой ESC без программирования, если подключить его напрямую к RC-приёмнику. Заявленные 43А — в даташите, но автор демонстрирует работу с нагрузками, потребляющими до 78А (вентилятор Safari), хотя, вероятно, кратковременно.

4. 🎬 Драйвер двигателя BTS7960B на 43А — Cybernet Systems (русский)
Ссылка: https://youtu.be/7JhbxTohKf8

Суть: Русскоязычный обзор. Автор тестирует маленькую плату BTS7960B (две микросхемы BTS7960 на радиаторах, на один мотор) для замены старого драйвера (зелёная плата, ~30А пик, грелась). Подключает к Arduino Nano с той же прошивкой (педаль газа + реле реверса). Управление: оба Enable-пина на 5V, скорость — PWM на RPWM/LPWM. Реверс — подача PWM на второй канал.

Важные детали:
• У BTS7960B есть обратная связь по перегрузке (current sense) — вывод IS даёт 0–5V пропорционально нагрузке на моторе, можно мерить через АЦП Arduino
• Драйвер рассчитан на 43А (по даташиту)
• Автор переходит с зелёной платы (30А пик, грелась) на BTS7960B для мотора от электростартера автомобиля (токи большие)

Вывод: Подтверждает, что BTS7960B (43А версия) — хорошая замена слабым драйверам для высокотоковых нагрузок. Current sense — полезная фича для мониторинга нагрузки.

Общий синтез по всем видео

Видео | Что показано | Применимость к вашему проекту

• #1 (тайский)
    Что показано: Длительный тест BTS7960 с мотор-редуктором 24V
    Применимость к вашему проекту: ✅ Подтверждает стабильность на холостом ходу

• #2 (Saravanan)
    Что показано: Стандартное подключение к Arduino
    Применимость к вашему проекту: ⚠️ Базовый туториал, ничего нового

• #3 (VEER science)
    Что показано: ESC без МК — напрямую к RC-приёмнику
    Применимость к вашему проекту: ✅ Очень полезно: можно использовать BTS7960 как простой ESC

• #4 (Cybernet Systems)
    Что показано: BTS7960B 43А + current sense

МД, [17.05.2026 17:05]
Применимость к вашему проекту: ✅ Current sense для мониторинга, замена слабых драйверов

Главный инсайт из видео #3: BTS7960 можно использовать без микроконтроллера — подключить напрямую к RC-приёмнику (как обычный ESC). Это радикально упрощает схему, если у вас уже есть радиоаппаратура. Питание логики (5V) — через 7805 от силовой батареи (6–27V).

Из видео #4: У BTS7960B есть вывод current sense (IS) — можно подключить к АЦП Arduino/STM32 и отслеживать нагрузку на моторе в реальном времени. Это помогает детектировать перегрузку и перегрев (→ tg — в проекте BiBa именно перегрев регуляторов был проблемой).

Важно про нагрев: В проекте BiBa (колёсная платформа на BTS7960) после 20–30 минут езды происходил перегрев регуляторов с отвалом колеса. Решение — сажать регуляторы на металл для отвода тепла (→ tg, → tg, → tg. Видео #1 (тайское) тестировало без нагрузки — под нагрузкой нагрев будет существенно выше.

Источники:
• → tg — ссылка на BTS7960 в compacttool.ru
• → tg — ссылка на BTS7960 в Ozon
• → tg — ссылка на BTS7960 в AliExpress
• → tg — видео про дворниковый мотор + BTS7960
• → tg — перегрев регуляторов BiBa
• → tg — решение: регуляторы на металл
• → tg — гидроизоляция
• → tg — защитный кожух
• BiBa — проект-платформа на BTS7960
• BTS7960-Motor-Driver-Shops — магазины
• Car-Wiper-Motor-Servo-BTS7960 — ещё один источник

МД, [17.05.2026 17:05]
Ты тут что-то в комментах нашел полезное? Ткни носом, не каф весь этот бред читать)

МД, [17.05.2026 17:05]
https://youtu.be/fNax__l-IT4?si=fYEGaU_n47-NSSHK вот ещё видос разгреби

МД, [17.05.2026 17:05]
Разбор видео: BTS7960 + Micro ESC (без Arduino)

Видео: รถตัดหญ้าบังคับ ควบคุมมอเตอร์ ราคาประหยัด BTS7960 IBT-2 + Micro ESC Control Motor without Arduino — канал Wassana D Project (тайский).

Что нового (относительно предыдущего видео #3)

Ранее автор показывал подключение BTS7960 напрямую к RC-приёмнику как ESC. В этом видео он представляет Micro ESC — крошечную плату-преобразователь за ~20 бат (~0.5$), которая принимает стандартный PWM-сигнал от RC-приёмника и выдаёт управление на BTS7960. Это альтернатива разборке сервопривода для извлечения платы управления — Micro ESC дешевле и не требует доработок.

Схема подключения

RC-приёмник (CH1/CH2) → Micro ESC (PWM in) → BTS7960 (RPWM, LPWM) → Мотор

Распиновка Micro ESC:
• VCC — 5V (питание)
• GND — земля
• Сигнал — PWM от RC-приёмника
• Два выходных пина → подключаются к RPWM и LPWM на BTS7960 (порядок не важен — реверс меняется перестановкой)
• IS (error status) — можно не подключать

Питание:
• Силовое питание BTS7960 — от батареи (6–27V)
• Логика BTS7960 (5V) — от Micro ESC (или через 7805 от силовой батареи)
• Micro ESC питается 5V — можно взять с выхода BTS7960 (на плате есть стабилизатор 5V)

Демонстрация

Автор подключает два мотора через два Micro ESC на два канала RC-приёмника. Демонстрирует независимое управление: вперёд/назад, разворот на месте. Оба мотора работают синхронно или раздельно.

Применимость к вашему проекту

✅ Прямое попадание. Если у вас уже есть RC-аппаратура (пульт + приёмник), Micro ESC + BTS7960 — это готовое решение «из коробки» без программирования. Цена Micro ESC копеечная (~20 бат ≈ 50₽), что дешевле и проще, чем разбирать сервопривод.

⚠️ Нагрев. Как и в проекте BiBa (колёсная платформа на BTS7960), после 20–30 минут езды под нагрузкой регуляторы перегреваются с отвалом колеса (→ tg). Решение — сажать регуляторы на металл для отвода тепла (→ tg). Видео тестировало без длительной нагрузки — учитывайте это.

Ссылка

• YouTube: BTS7960 IBT-2 + Micro ESC Control Motor without Arduino

Источники:
• Видео на YouTube: https://youtu.be/fNax__l-IT4
• BiBa — проект-платформа на BTS7960: BiBa
• Перегрев регуляторов BiBa: → tg
• Решение (регуляторы на металл): → tg

МД, [17.05.2026 17:05]
/ask выбери пользу из треда форума для технодрона

МД, [17.05.2026 17:05]
/ask Есть информация как справиться с перегревом btn7960?

МД, [17.05.2026 17:05]
Нужно обладать его

МД, [17.05.2026 17:05]
ты не правильные вопросы задаешь)))

МД, [17.05.2026 17:05]
Вот что удалось найти по перегреву BTN7960 (BTS7960) — проблема хорошо известна, есть несколько проверенных решений:

🔥 Почему греется BTN7960

1. Конструктивный дефект китайских модулей IBT_2 — на платах с алиэкспресс/ebay радиатор припаян к массиву переходных отверстий на обратной стороне платы, но теплопередача через эти via-отверстия очень плохая. Радиатор «для красоты» — реального охлаждения почти нет (Arduino Forum).

2. Высокая частота ШИМ — BTN7960 — старая микросхема (End of Life ещё с 2009 г.), у неё высокие потери переключения. На частотах 20–25 кГц (которые часто ставят по умолчанию) чип перегревается и может даже расплавить дорожки на плате. Рекомендуется снижать частоту ШИМ не выше 3–5 кГц (SimpleFOC Community).

3. Реальный ток намного ниже заявленного — модули позиционируются как «43 А», но на практике без активного охлаждения более 15–20 А длительно не выдержать (Arduino.ru forum).

✅ Как бороться с перегревом

1. Снизить частоту ШИМ
Это самый эффективный и простой способ. Вместо стандартных 20–25 кГц поставьте 1–5 кГц. Для большинства двигателей постоянного тока это нормально — они не гудят и не теряют момент. На Arduino это делается через analogWriteFrequency() (для Due/Zero) или через таймеры напрямую.


«One way to solve your melting problem is to lower the PWM frequency down to no more than 3000 to 5000 Hz at most depending on your duty cycle» (SimpleFOC Community).


2. Улучшить охлаждение
• Снять штатный радиатор, зачистить via-отверстия, посадить новый радиатор на термопасту/термоклей.
• Поставить активный обдув (вентилятор 5V/12V).
• Если плата самодельная — сделать нормальную тепловую развязку: медные полигоны на плате + внешний радиатор.

3. Заменить на более современный чип
BTN7960 — устаревший дизайн. Infineon рекомендует замену — BTN8982TA (pin-to-pin совместим, ниже сопротивление открытого канала, выше ток) (SpoolStreet Forums). Ещё лучше — IFX007T (ещё более современная серия NovalithIC+).

4. Ограничить ток
• Использовать токоограничение через пин IS (Current Sense) — на модулях стоит резистор 10 кОм вместо 1 кОм по даташиту, что меняет поведение токовой защиты (Arduino Forum).
• В софте ограничить duty cycle и добавить программный токовый мониторинг.

5. Проверить питание
• Убедиться, что питание мотора и логика имеют общую землю.
• Поставить достаточные электролитические конденсаторы по питанию (минимум 1000–2200 мкФ на 25–35 В) — броски тока при коммутации сильно греют ключи.

📌 Краткий чек-лист
Действие: Эффект
🔽 PWM → 1–5 кГц: Сильный — главная причина перегрева
🌀 Вентилятор на радиатор: Средний
🔄 Замена на BTN8982TA: Сильный — аппаратное решение
🔌 Конденсаторы по питанию: Средний — убирает пики
📉 Ограничение тока (IS pin): Средний

Источники:
• Arduino Forum — BTS7960/BTN7960N IBT_2 motor drive module — детальный разбор конструкции модуля, проблемы с радиатором и номиналами резисторов
• SimpleFOC Community — Custom Board based on BTN7960B — рекомендация снизить PWM до 3–5 кГц
• SpoolStreet Forums — BTN8982 как замена BTN7960 — pin-to-pin совместимость

МД, [17.05.2026 17:05]
• Arduino.ru — газонокосилка на BTS7960 — реальный опыт: более 20 А долговременно не выдержать

МД, [17.05.2026 17:05]
@КЕК Ну вот есть программное решение как вариант

МД, [17.05.2026 17:05]
5 кГц?

МД, [17.05.2026 17:05]
Он на восьми свистит

МД, [17.05.2026 17:05]
А ты сколько используешь?

МД, [17.05.2026 17:05]
А как же мерить лужи?))

МД, [17.05.2026 17:05]
20кгц

МД, [17.05.2026 17:05]
5 конечно мерзко звучит

МД, [17.05.2026 17:05]
/ask https://m.radiokot.ru/forum/viewtopic.php?p=4687041 какие тут есть решения по поводу перегрева драйвера?

МД, [17.05.2026 17:05]
можно конечно попробовать ебучий радиатор но хз что их этого выйдет

МД, [17.05.2026 17:05]
типа тех что мы на глушилку ставили

МД, [17.05.2026 17:05]
https://github.com/Infineon/IFX007T-Motor-Control

МД, [17.05.2026 17:05]
/ask проанализируй репу и где можно купить такой драйвер? Или придется самому собирать?

МД, [17.05.2026 17:05]
Анализ репозитория Infineon/IFX007T-Motor-Control

Что это: официальный репозиторий Infineon с библиотекой для Arduino и дизайн-файлами для BLDC Motor Control Shield на трёх IFX007T — это шилд формата Arduino Uno R3, способный управлять одним BLDC-мотором (с датчиками Холла или BEMF), одним-двумя двунаправленными DC-моторами (H-bridge) или тремя однонаправленными DC-моторами (half-bridge) (GitHub).

Характеристики шилда:
• Напряжение: 8–40 В (номинал 24 В)
• Средний ток мотора: 30 А (ограничение по PCB, сам IFX007T держит до 55 А мин.)
• Мощность: до 300 Вт непрерывной нагрузки
• Частота ШИМ: до 30 кГц
• Защита: от перегрева, пониженного напряжения, перегрузки по току, короткого замыкания
• Регулируемая скорость нарастания (slew rate) для оптимизации ЭМС
• Встроенный Current Sense (диагностика/измерение тока)

В репозитории есть:
• Библиотека для Arduino IDE с примерами (Half-bridge, H-bridge, BLDC BEMF, BLDC Hall)
• Дизайн-файлы для EAGLE (PCB) — можно доработать под свои нужды
• Ссылка на Board Manual

Где купить готовый шилд?

✅ Официальный Infineon BLDC-SHIELD_IFX007T (артикул: BLDCSHIELDIFX007TTOBO1)

Это готовый шилд от Infineon — не надо ничего паять, просто втыкаешь в Arduino и пользуешься библиотекой из репозитория.

Где есть в наличии (Россия/СНГ):
Магазин | Цена (₽) | Наличие

• Чип и Дип (chipdip.ru)
    Цена (₽): от ~10 000 ₽ (4 пл. по 2 504 ₽)
    Наличие: В наличии

• TM Electronics (tmelectronics.ru)
    Цена (₽): от 8 109 ₽
    Наличие: 123 шт.

• Laserzz (laserzz.ru)
    Цена (₽): 7 497 ₽
    Наличие: 146 шт.

• ChipCity (chipcity.ru)
    Цена (₽): уточнять
    Наличие: 28 шт.

• RussLeader (russleader.ru)
    Цена (₽): уточнять
    Наличие: под заказ

Международные дистрибьюторы (доставка в РФ — сейчас сложно):
• DigiKey — ~$33 (digikey.com)
• Mouser — ~$33
• Farnell / Newark — ~$33
• RS Components — ~£30
• AliExpress — ищи «BLDCSHIELDIFX007TTOBO1» (aliexpress.com)

✅ Готовый драйвер от Electronics-Lab

Отдельный High Power Bidirectional DC Motor Driver using IFX007T — плата для управления одним щёточным DC-мотором до 250 Вт, 30 А (electronics-lab.com). Продаётся через RobotShop (~$25–30).

Если собирать самому

Вариант А — взять PCB из репозитория Infineon (EAGLE) и заказать производство:
• В репозитории лежат исходники платы — можно отправить Gerber-файлы на JLCPCB / PCBWay и спаять самому.
• Потребуется: 3× IFX007T, пассивные компоненты, разъёмы, радиаторы.

Вариант Б — спаять на макетке/прототипе:
• Один IFX007T — это half-bridge. Для H-bridge нужно 2 чипа.
• Схема включения простая: IN (PWM), INH (enable), IS (current sense), SR (slew rate).
• Важно: IFX007T — это SMD-корпус TO-263-7 (D²PAK), паяется нормально, но нужен радиатор.

Где купить сам чип IFX007T (артикул: IFX007TAUMA1):
Магазин: Цена
Чип и Дип (chipdip.ru): от ~920 ₽/шт

МД, [17.05.2026 17:05]
Supply24 (supply24.online): от ~296 ₽/шт
DigiKey: ~$5–7/шт
Mouser: ~$5–7/шт
AliExpress — ищи «IFX007T»: от ~$3–5/шт (осторожно с подделками!)


⚠️ Важное предупреждение: на форумах SimpleFOC отмечают, что на AliExpress много подделок IFX007T/BTN8982 — рекомендуется брать только у авторизованных дистрибьюторов (Mouser, DigiKey, Farnell, Чип и Дип) (SimpleFOC Community).


Резюме

Вариант | Сложность | Цена | Когда выбирать

• Купить готовый шилд Infineon (BLDCSHIELDIFX007TTOBO1)
    Сложность: 🔌 Воткнул и работает
    Цена: ~7 500–10 000 ₽
    Когда выбирать: Нужно быстро, без пайки, 1–3 шт.

• Купить драйвер Electronics-Lab
    Сложность: 🔌 Готовое изделие
    Цена: ~$25–30
    Когда выбирать: Нужен только один DC-мотор

• Собрать самому из чипов
    Сложность: 🧑‍🔧 Средняя (SMD-пайка)
    Цена: ~1 000–3 000 ₽ за плату
    Когда выбирать: Нужно много, или специфическая конфигурация

• Собрать с нуля по EAGLE из репозитория
    Сложность: 🧑‍🔧 Высокая
    Цена: ~2 000–5 000 ₽ за плату
    Когда выбирать: Хочется полный контроль над дизайном

Мой совет: если нужно сейчас и без головной боли — бери готовый шилд BLDCSHIELDIFX007TTOBO1 на Чип-Дип или TM Electronics за 7 500–8 100 ₽. Если хочется сэкономить и/или сделать кастомную плату под свою механику — закажи чипы IFX007TAUMA1 у авторизованного дистрибьютора и спаяй сам по схеме из даташита или из EAGLE-файлов репозитория.

Источники:
• GitHub — Infineon/IFX007T-Motor-Control
• Infineon — BLDC-SHIELD_IFX007T product page
• Чип и Дип — BLDCSHIELDIFX007TTOBO1
• TM Electronics — BLDCSHIELDIFX007TTOBO1
• Laserzz — BLDCSHIELDIFX007TTOBO1
• Electronics-Lab — High Power Bidirectional DC Motor Driver using IFX007T
• Чип и Дип — IFX007TAUMA1
• SimpleFOC — предупреждение о подделках IFX007T
• Wiki — информация о перегреве BTN7960 и замене на IFX007T

МД, [17.05.2026 17:05]
Сравнение BTN7970 и BTN8982TA
Оба чипа принадлежат семейству Infineon NovalithIC, являются полумостовыми драйверами (для полного H-моста на 1 мотор требуется 2 чипа), но относятся к разным поколениям. Ниже прямое сравнение по ключевым параметрам:
Параметр
BTN7970
BTN8982TA
Практическое значение
Поколение
NovalithIC I/II (старое)
NovalithIC II/III (современное)
8982TA новее, оптимизирован, в производстве
Напряжение питания
5.5 – 42 В
5.5 – 40 В
Оба подходят для 12В/24В систем
Постоянный ток
до 42 А
до 50 А
8982TA выдерживает более высокие нагрузки
Импульсный ток (10 мс)
~115 А
~117 А
Практически одинаково
Rds(on) суммарное (25°C)
~16 мΩ
~10 мΩ
⚡️ Критично для нагрева!
Rds(on) High Side
~8.5 мΩ
~5.3 мΩ
P-MOSFET стал эффективнее
Rds(on) Low Side
~7.5 мΩ
~4.7 мΩ
N-MOSFET стал эффективнее
Ограничение тока
~45 А
55–77 А
8982TA точнее и выше порог
Температура отключения
~150–160°C
~175°C
8982TA дольше держит перегрузку
Ток покоя
~10–15 мкА
~7 мкА
Меньше саморазряд батареи
Current Sense (IS)
Базовый, нелинейный на краях
Улучшенный, более линейный
Удобнее читать ток Arduino/контроллером
Частота PWM
до ~20 кГц (опт.)
до 25 кГц+ (меньше switching losses)
Меньше "свиста" моторов, меньше нагрева
Корпус
PG-TO263-7
PG-TO263-7
Физически одинаковы, часто взаимозаменяемы
🔥 Влияние на перегрев (расчёт потерь)
Потери на нагрев считаются по формуле: P = I² × Rds(on)
Ток нагрузки
Потери на 1 полумост BTN7970
Потери на 1 полумост BTN8982TA
Разница
20 А
6.4 Вт
4.0 Вт
-2.4 Вт
30 А
14.4 Вт
9.0 Вт
-5.4 Вт
40 А
25.6 Вт
16.0 Вт
-9.6 Вт
💡 Для полного H-моста (2 чипа на мотор) разница удваивается.
При токе 30А на мотор BTN8982TA будет выделять ~10 Вт меньше тепла, чем BTN7970. Это огромный плюс для компактного корпуса газонокосилки.
✅ Преимущества BTN8982TA:
На 35–40% ниже сопротивление → меньше нагрев, выше КПД
Выше допустимый постоянный ток (50А vs 42А)
Лучшая работа на высоких частотах PWM → меньше потерь переключения
Более точный Current Sense → проще реализовать защиту и контроль тока в скетче
Актуальный чип (BTN7970 снят с производства или в статусе NRND)
⚠️ Важные нюансы:
Оба чипа – полумостовые. Для одного мотора нужна плата с 2 чипами (или 2 отдельных модуля).
Совместимость: На популярных платах типа IBT-2 они часто взаимозаменяемы, но:
Проверьте логику управления IN1/IN2 или PWM/DIR
Ток с вывода IS может масштабироваться по-разному (требует калибровки в коде)
Осторожно с китайскими модулями: На AliExpress под маркировкой BTN7970 или BTN8982TA часто встречаются:
Клоны/ремаркеты
Чипы с заниженными характеристиками
Подделки без нормальной термозащиты
👉 Всегда проверяйте наличие логотипа Infineon, дату кода и тестируйте ток до установки на технику.
🛠 Рекомендация для газонокосилки:
Сценарий
Что выбрать
Бюджетный ремонт старой платы
Можно оставить BTN7970, но обязательно добавить радиатор + обдув
Новая сборка / апгрейд
Однозначно BTN8982TA – холоднее, эффективнее, стабильнее
Токи до 15А на мотор (300W @ 24V)
Оба справятся, но 8982 будет работать с запасом и греться меньше
Токи 20–30А+ на мотор
Только BTN8982TA + радиатор + вентилятор
📦 Итог:
BTN8982TA – это прямой эволюционный апгрейд BTN7970. При том же корпусе и распиновке он даёт:
✅ Меньше нагрева на 30–40%
✅ Выше допустимый ток
✅ Лучше работает с современным PWM
✅ Удобнее для мониторинга тока
Если вы проектируете или модернизируете радиоуправляемую газонокосилку – BTN8982TA предпочтительнее. Но помните: даже с ним пассивного охлаждения недостаточно при токах >15А. Радиатор + вентилятор остаются обязательными.